[2025-10-01T03:47:06.126+0000] {local_task_job_runner.py:123} INFO - ::group::Pre task execution logs
[2025-10-01T03:47:06.144+0000] {taskinstance.py:2612} INFO - Dependencies all met for dep_context=non-requeueable deps ti=<TaskInstance: movie_data_pipeline.extract_from_api scheduled__2025-09-30T00:00:00+00:00 [queued]>
[2025-10-01T03:47:06.151+0000] {taskinstance.py:2612} INFO - Dependencies all met for dep_context=requeueable deps ti=<TaskInstance: movie_data_pipeline.extract_from_api scheduled__2025-09-30T00:00:00+00:00 [queued]>
[2025-10-01T03:47:06.153+0000] {taskinstance.py:2865} INFO - Starting attempt 1 of 2
[2025-10-01T03:47:06.169+0000] {taskinstance.py:2888} INFO - Executing <Task(PythonOperator): extract_from_api> on 2025-09-30 00:00:00+00:00
[2025-10-01T03:47:06.178+0000] {warnings.py:112} WARNING - /home/***/.local/lib/python3.12/site-packages/***/task/task_runner/standard_task_runner.py:70: DeprecationWarning: This process (pid=197) is multi-threaded, use of fork() may lead to deadlocks in the child.
  pid = os.fork()

[2025-10-01T03:47:06.180+0000] {standard_task_runner.py:72} INFO - Started process 201 to run task
[2025-10-01T03:47:06.181+0000] {standard_task_runner.py:104} INFO - Running: ['***', 'tasks', 'run', 'movie_data_pipeline', 'extract_from_api', 'scheduled__2025-09-30T00:00:00+00:00', '--job-id', '7', '--raw', '--subdir', 'DAGS_FOLDER/movie_pipeline.py', '--cfg-path', '/tmp/tmp5c042xi5']
[2025-10-01T03:47:06.183+0000] {standard_task_runner.py:105} INFO - Job 7: Subtask extract_from_api
[2025-10-01T03:47:06.344+0000] {task_command.py:467} INFO - Running <TaskInstance: movie_data_pipeline.extract_from_api scheduled__2025-09-30T00:00:00+00:00 [running]> on host 8b13e6213b6c
[2025-10-01T03:47:06.534+0000] {taskinstance.py:3131} INFO - Exporting env vars: AIRFLOW_CTX_DAG_OWNER='***' AIRFLOW_CTX_DAG_ID='movie_data_pipeline' AIRFLOW_CTX_TASK_ID='extract_from_api' AIRFLOW_CTX_EXECUTION_DATE='2025-09-30T00:00:00+00:00' AIRFLOW_CTX_TRY_NUMBER='1' AIRFLOW_CTX_DAG_RUN_ID='scheduled__2025-09-30T00:00:00+00:00'
[2025-10-01T03:47:06.539+0000] {logging_mixin.py:190} INFO - Task instance is in running state
[2025-10-01T03:47:06.540+0000] {logging_mixin.py:190} INFO -  Previous state of the Task instance: queued
[2025-10-01T03:47:06.541+0000] {logging_mixin.py:190} INFO - Current task name:extract_from_api state:running start_date:2025-10-01 03:47:06.144873+00:00
[2025-10-01T03:47:06.541+0000] {logging_mixin.py:190} INFO - Dag name:movie_data_pipeline and current dag run status:running
[2025-10-01T03:47:06.542+0000] {taskinstance.py:731} INFO - ::endgroup::
[2025-10-01T03:47:07.361+0000] {logging_mixin.py:190} INFO - ✅ Extracted movies from API
[2025-10-01T03:47:07.366+0000] {python.py:240} INFO - Done. Returned value was: None
[2025-10-01T03:47:07.384+0000] {taskinstance.py:340} INFO - ::group::Post task execution logs
[2025-10-01T03:47:07.385+0000] {taskinstance.py:352} INFO - Marking task as SUCCESS. dag_id=movie_data_pipeline, task_id=extract_from_api, run_id=scheduled__2025-09-30T00:00:00+00:00, execution_date=20250930T000000, start_date=20251001T034706, end_date=20251001T034707
[2025-10-01T03:47:07.400+0000] {logging_mixin.py:190} INFO - Task instance in success state
[2025-10-01T03:47:07.401+0000] {logging_mixin.py:190} INFO -  Previous state of the Task instance: running
[2025-10-01T03:47:07.402+0000] {logging_mixin.py:190} INFO - Dag name:movie_data_pipeline queued_at:2025-10-01 03:47:00.140286+00:00
[2025-10-01T03:47:07.402+0000] {logging_mixin.py:190} INFO - Task hostname:8b13e6213b6c operator:PythonOperator
[2025-10-01T03:47:07.441+0000] {local_task_job_runner.py:266} INFO - Task exited with return code 0
[2025-10-01T03:47:07.469+0000] {taskinstance.py:3900} INFO - 1 downstream tasks scheduled from follow-on schedule check
[2025-10-01T03:47:07.472+0000] {local_task_job_runner.py:245} INFO - ::endgroup::
[2025-10-01T04:52:07.444+0000] {local_task_job_runner.py:123} INFO - ::group::Pre task execution logs
[2025-10-01T04:52:07.457+0000] {taskinstance.py:2612} INFO - Dependencies all met for dep_context=non-requeueable deps ti=<TaskInstance: movie_data_pipeline.extract_from_api scheduled__2025-09-30T00:00:00+00:00 [queued]>
[2025-10-01T04:52:07.463+0000] {taskinstance.py:2612} INFO - Dependencies all met for dep_context=requeueable deps ti=<TaskInstance: movie_data_pipeline.extract_from_api scheduled__2025-09-30T00:00:00+00:00 [queued]>
[2025-10-01T04:52:07.463+0000] {taskinstance.py:2865} INFO - Starting attempt 1 of 2
[2025-10-01T04:52:07.475+0000] {taskinstance.py:2888} INFO - Executing <Task(PythonOperator): extract_from_api> on 2025-09-30 00:00:00+00:00
[2025-10-01T04:52:07.482+0000] {warnings.py:112} WARNING - /home/***/.local/lib/python3.12/site-packages/***/task/task_runner/standard_task_runner.py:70: DeprecationWarning: This process (pid=323) is multi-threaded, use of fork() may lead to deadlocks in the child.
  pid = os.fork()

[2025-10-01T04:52:07.484+0000] {standard_task_runner.py:72} INFO - Started process 325 to run task
[2025-10-01T04:52:07.483+0000] {standard_task_runner.py:104} INFO - Running: ['***', 'tasks', 'run', 'movie_data_pipeline', 'extract_from_api', 'scheduled__2025-09-30T00:00:00+00:00', '--job-id', '6', '--raw', '--subdir', 'DAGS_FOLDER/movie_pipeline.py', '--cfg-path', '/tmp/tmp9rokv0pb']
[2025-10-01T04:52:07.484+0000] {standard_task_runner.py:105} INFO - Job 6: Subtask extract_from_api
[2025-10-01T04:52:07.543+0000] {task_command.py:467} INFO - Running <TaskInstance: movie_data_pipeline.extract_from_api scheduled__2025-09-30T00:00:00+00:00 [running]> on host 14101b19efe6
[2025-10-01T04:52:07.612+0000] {taskinstance.py:3131} INFO - Exporting env vars: AIRFLOW_CTX_DAG_OWNER='***' AIRFLOW_CTX_DAG_ID='movie_data_pipeline' AIRFLOW_CTX_TASK_ID='extract_from_api' AIRFLOW_CTX_EXECUTION_DATE='2025-09-30T00:00:00+00:00' AIRFLOW_CTX_TRY_NUMBER='1' AIRFLOW_CTX_DAG_RUN_ID='scheduled__2025-09-30T00:00:00+00:00'
[2025-10-01T04:52:07.614+0000] {logging_mixin.py:190} INFO - Task instance is in running state
[2025-10-01T04:52:07.615+0000] {logging_mixin.py:190} INFO -  Previous state of the Task instance: queued
[2025-10-01T04:52:07.615+0000] {logging_mixin.py:190} INFO - Current task name:extract_from_api state:running start_date:2025-10-01 04:52:07.458027+00:00
[2025-10-01T04:52:07.616+0000] {logging_mixin.py:190} INFO - Dag name:movie_data_pipeline and current dag run status:running
[2025-10-01T04:52:07.616+0000] {taskinstance.py:731} INFO - ::endgroup::
[2025-10-01T04:52:07.792+0000] {python.py:240} INFO - Done. Returned value was: Movies extracted successfully
[2025-10-01T04:52:07.813+0000] {taskinstance.py:340} INFO - ::group::Post task execution logs
[2025-10-01T04:52:07.813+0000] {taskinstance.py:352} INFO - Marking task as SUCCESS. dag_id=movie_data_pipeline, task_id=extract_from_api, run_id=scheduled__2025-09-30T00:00:00+00:00, execution_date=20250930T000000, start_date=20251001T045207, end_date=20251001T045207
[2025-10-01T04:52:07.822+0000] {logging_mixin.py:190} INFO - Task instance in success state
[2025-10-01T04:52:07.822+0000] {logging_mixin.py:190} INFO -  Previous state of the Task instance: running
[2025-10-01T04:52:07.823+0000] {logging_mixin.py:190} INFO - Dag name:movie_data_pipeline queued_at:2025-10-01 04:52:06.444930+00:00
[2025-10-01T04:52:07.823+0000] {logging_mixin.py:190} INFO - Task hostname:14101b19efe6 operator:PythonOperator
[2025-10-01T04:52:07.858+0000] {local_task_job_runner.py:266} INFO - Task exited with return code 0
[2025-10-01T04:52:07.877+0000] {taskinstance.py:3900} INFO - 1 downstream tasks scheduled from follow-on schedule check
[2025-10-01T04:52:07.880+0000] {local_task_job_runner.py:245} INFO - ::endgroup::
