[2025-10-01T04:54:36.102+0000] {local_task_job_runner.py:123} INFO - ::group::Pre task execution logs
[2025-10-01T04:54:36.114+0000] {taskinstance.py:2612} INFO - Dependencies all met for dep_context=non-requeueable deps ti=<TaskInstance: movie_data_pipeline.extract_from_api manual__2025-10-01T04:54:33.962434+00:00 [queued]>
[2025-10-01T04:54:36.121+0000] {taskinstance.py:2612} INFO - Dependencies all met for dep_context=requeueable deps ti=<TaskInstance: movie_data_pipeline.extract_from_api manual__2025-10-01T04:54:33.962434+00:00 [queued]>
[2025-10-01T04:54:36.122+0000] {taskinstance.py:2865} INFO - Starting attempt 1 of 2
[2025-10-01T04:54:36.135+0000] {taskinstance.py:2888} INFO - Executing <Task(PythonOperator): extract_from_api> on 2025-10-01 04:54:33.962434+00:00
[2025-10-01T04:54:36.141+0000] {warnings.py:112} WARNING - /home/***/.local/lib/python3.12/site-packages/***/task/task_runner/standard_task_runner.py:70: DeprecationWarning: This process (pid=74) is multi-threaded, use of fork() may lead to deadlocks in the child.
  pid = os.fork()

[2025-10-01T04:54:36.144+0000] {standard_task_runner.py:72} INFO - Started process 76 to run task
[2025-10-01T04:54:36.144+0000] {standard_task_runner.py:104} INFO - Running: ['***', 'tasks', 'run', 'movie_data_pipeline', 'extract_from_api', 'manual__2025-10-01T04:54:33.962434+00:00', '--job-id', '11', '--raw', '--subdir', 'DAGS_FOLDER/movie_pipeline.py', '--cfg-path', '/tmp/tmpn2xn0uzy']
[2025-10-01T04:54:36.145+0000] {standard_task_runner.py:105} INFO - Job 11: Subtask extract_from_api
[2025-10-01T04:54:36.215+0000] {task_command.py:467} INFO - Running <TaskInstance: movie_data_pipeline.extract_from_api manual__2025-10-01T04:54:33.962434+00:00 [running]> on host 08ca341f17f0
[2025-10-01T04:54:36.297+0000] {taskinstance.py:3131} INFO - Exporting env vars: AIRFLOW_CTX_DAG_OWNER='***' AIRFLOW_CTX_DAG_ID='movie_data_pipeline' AIRFLOW_CTX_TASK_ID='extract_from_api' AIRFLOW_CTX_EXECUTION_DATE='2025-10-01T04:54:33.962434+00:00' AIRFLOW_CTX_TRY_NUMBER='1' AIRFLOW_CTX_DAG_RUN_ID='manual__2025-10-01T04:54:33.962434+00:00'
[2025-10-01T04:54:36.298+0000] {logging_mixin.py:190} INFO - Task instance is in running state
[2025-10-01T04:54:36.299+0000] {logging_mixin.py:190} INFO -  Previous state of the Task instance: queued
[2025-10-01T04:54:36.300+0000] {logging_mixin.py:190} INFO - Current task name:extract_from_api state:running start_date:2025-10-01 04:54:36.115746+00:00
[2025-10-01T04:54:36.300+0000] {logging_mixin.py:190} INFO - Dag name:movie_data_pipeline and current dag run status:running
[2025-10-01T04:54:36.300+0000] {taskinstance.py:731} INFO - ::endgroup::
[2025-10-01T04:54:36.418+0000] {python.py:240} INFO - Done. Returned value was: Movies extracted successfully
[2025-10-01T04:54:36.443+0000] {taskinstance.py:340} INFO - ::group::Post task execution logs
[2025-10-01T04:54:36.444+0000] {taskinstance.py:352} INFO - Marking task as SUCCESS. dag_id=movie_data_pipeline, task_id=extract_from_api, run_id=manual__2025-10-01T04:54:33.962434+00:00, execution_date=20251001T045433, start_date=20251001T045436, end_date=20251001T045436
[2025-10-01T04:54:36.452+0000] {logging_mixin.py:190} INFO - Task instance in success state
[2025-10-01T04:54:36.453+0000] {logging_mixin.py:190} INFO -  Previous state of the Task instance: running
[2025-10-01T04:54:36.453+0000] {logging_mixin.py:190} INFO - Dag name:movie_data_pipeline queued_at:2025-10-01 04:54:33.980036+00:00
[2025-10-01T04:54:36.453+0000] {logging_mixin.py:190} INFO - Task hostname:08ca341f17f0 operator:PythonOperator
[2025-10-01T04:54:36.481+0000] {local_task_job_runner.py:266} INFO - Task exited with return code 0
[2025-10-01T04:54:36.503+0000] {taskinstance.py:3900} INFO - 1 downstream tasks scheduled from follow-on schedule check
[2025-10-01T04:54:36.506+0000] {local_task_job_runner.py:245} INFO - ::endgroup::
