[2025-10-01T03:47:06.124+0000] {local_task_job_runner.py:123} INFO - ::group::Pre task execution logs
[2025-10-01T03:47:06.142+0000] {taskinstance.py:2612} INFO - Dependencies all met for dep_context=non-requeueable deps ti=<TaskInstance: movie_data_pipeline.extract_from_api manual__2025-10-01T03:46:59.762358+00:00 [queued]>
[2025-10-01T03:47:06.151+0000] {taskinstance.py:2612} INFO - Dependencies all met for dep_context=requeueable deps ti=<TaskInstance: movie_data_pipeline.extract_from_api manual__2025-10-01T03:46:59.762358+00:00 [queued]>
[2025-10-01T03:47:06.153+0000] {taskinstance.py:2865} INFO - Starting attempt 1 of 2
[2025-10-01T03:47:06.167+0000] {taskinstance.py:2888} INFO - Executing <Task(PythonOperator): extract_from_api> on 2025-10-01 03:46:59.762358+00:00
[2025-10-01T03:47:06.181+0000] {standard_task_runner.py:104} INFO - Running: ['***', 'tasks', 'run', 'movie_data_pipeline', 'extract_from_api', 'manual__2025-10-01T03:46:59.762358+00:00', '--job-id', '8', '--raw', '--subdir', 'DAGS_FOLDER/movie_pipeline.py', '--cfg-path', '/tmp/tmpgf1h5516']
[2025-10-01T03:47:06.178+0000] {warnings.py:112} WARNING - /home/***/.local/lib/python3.12/site-packages/***/task/task_runner/standard_task_runner.py:70: DeprecationWarning: This process (pid=198) is multi-threaded, use of fork() may lead to deadlocks in the child.
  pid = os.fork()

[2025-10-01T03:47:06.182+0000] {standard_task_runner.py:105} INFO - Job 8: Subtask extract_from_api
[2025-10-01T03:47:06.183+0000] {standard_task_runner.py:72} INFO - Started process 202 to run task
[2025-10-01T03:47:06.342+0000] {task_command.py:467} INFO - Running <TaskInstance: movie_data_pipeline.extract_from_api manual__2025-10-01T03:46:59.762358+00:00 [running]> on host 8b13e6213b6c
[2025-10-01T03:47:06.499+0000] {taskinstance.py:3131} INFO - Exporting env vars: AIRFLOW_CTX_DAG_OWNER='***' AIRFLOW_CTX_DAG_ID='movie_data_pipeline' AIRFLOW_CTX_TASK_ID='extract_from_api' AIRFLOW_CTX_EXECUTION_DATE='2025-10-01T03:46:59.762358+00:00' AIRFLOW_CTX_TRY_NUMBER='1' AIRFLOW_CTX_DAG_RUN_ID='manual__2025-10-01T03:46:59.762358+00:00'
[2025-10-01T03:47:06.503+0000] {logging_mixin.py:190} INFO - Task instance is in running state
[2025-10-01T03:47:06.503+0000] {logging_mixin.py:190} INFO -  Previous state of the Task instance: queued
[2025-10-01T03:47:06.504+0000] {logging_mixin.py:190} INFO - Current task name:extract_from_api state:running start_date:2025-10-01 03:47:06.144301+00:00
[2025-10-01T03:47:06.504+0000] {logging_mixin.py:190} INFO - Dag name:movie_data_pipeline and current dag run status:running
[2025-10-01T03:47:06.505+0000] {taskinstance.py:731} INFO - ::endgroup::
[2025-10-01T03:47:07.367+0000] {logging_mixin.py:190} INFO - ✅ Extracted movies from API
[2025-10-01T03:47:07.369+0000] {python.py:240} INFO - Done. Returned value was: None
[2025-10-01T03:47:07.388+0000] {taskinstance.py:340} INFO - ::group::Post task execution logs
[2025-10-01T03:47:07.389+0000] {taskinstance.py:352} INFO - Marking task as SUCCESS. dag_id=movie_data_pipeline, task_id=extract_from_api, run_id=manual__2025-10-01T03:46:59.762358+00:00, execution_date=20251001T034659, start_date=20251001T034706, end_date=20251001T034707
[2025-10-01T03:47:07.402+0000] {logging_mixin.py:190} INFO - Task instance in success state
[2025-10-01T03:47:07.403+0000] {logging_mixin.py:190} INFO -  Previous state of the Task instance: running
[2025-10-01T03:47:07.403+0000] {logging_mixin.py:190} INFO - Dag name:movie_data_pipeline queued_at:2025-10-01 03:46:59.798121+00:00
[2025-10-01T03:47:07.404+0000] {logging_mixin.py:190} INFO - Task hostname:8b13e6213b6c operator:PythonOperator
[2025-10-01T03:47:07.443+0000] {local_task_job_runner.py:266} INFO - Task exited with return code 0
[2025-10-01T03:47:07.470+0000] {taskinstance.py:3900} INFO - 1 downstream tasks scheduled from follow-on schedule check
[2025-10-01T03:47:07.473+0000] {local_task_job_runner.py:245} INFO - ::endgroup::
