[2025-10-01T04:24:15.988+0000] {local_task_job_runner.py:123} INFO - ::group::Pre task execution logs
[2025-10-01T04:24:16.039+0000] {taskinstance.py:2612} INFO - Dependencies all met for dep_context=non-requeueable deps ti=<TaskInstance: movie_data_pipeline.extract_from_api manual__2025-10-01T04:24:12.952139+00:00 [queued]>
[2025-10-01T04:24:16.068+0000] {taskinstance.py:2612} INFO - Dependencies all met for dep_context=requeueable deps ti=<TaskInstance: movie_data_pipeline.extract_from_api manual__2025-10-01T04:24:12.952139+00:00 [queued]>
[2025-10-01T04:24:16.071+0000] {taskinstance.py:2865} INFO - Starting attempt 1 of 2
[2025-10-01T04:24:16.130+0000] {taskinstance.py:2888} INFO - Executing <Task(PythonOperator): extract_from_api> on 2025-10-01 04:24:12.952139+00:00
[2025-10-01T04:24:16.150+0000] {warnings.py:112} WARNING - /home/***/.local/lib/python3.12/site-packages/***/task/task_runner/standard_task_runner.py:70: DeprecationWarning: This process (pid=63) is multi-threaded, use of fork() may lead to deadlocks in the child.
  pid = os.fork()

[2025-10-01T04:24:16.153+0000] {standard_task_runner.py:72} INFO - Started process 65 to run task
[2025-10-01T04:24:16.154+0000] {standard_task_runner.py:104} INFO - Running: ['***', 'tasks', 'run', 'movie_data_pipeline', 'extract_from_api', 'manual__2025-10-01T04:24:12.952139+00:00', '--job-id', '29', '--raw', '--subdir', 'DAGS_FOLDER/movie_pipeline.py', '--cfg-path', '/tmp/tmp3k2tmm19']
[2025-10-01T04:24:16.156+0000] {standard_task_runner.py:105} INFO - Job 29: Subtask extract_from_api
[2025-10-01T04:24:16.280+0000] {task_command.py:467} INFO - Running <TaskInstance: movie_data_pipeline.extract_from_api manual__2025-10-01T04:24:12.952139+00:00 [running]> on host 1b7dadb2e4f9
[2025-10-01T04:24:16.413+0000] {taskinstance.py:3131} INFO - Exporting env vars: AIRFLOW_CTX_DAG_OWNER='***' AIRFLOW_CTX_DAG_ID='movie_data_pipeline' AIRFLOW_CTX_TASK_ID='extract_from_api' AIRFLOW_CTX_EXECUTION_DATE='2025-10-01T04:24:12.952139+00:00' AIRFLOW_CTX_TRY_NUMBER='1' AIRFLOW_CTX_DAG_RUN_ID='manual__2025-10-01T04:24:12.952139+00:00'
[2025-10-01T04:24:16.415+0000] {logging_mixin.py:190} INFO - Task instance is in running state
[2025-10-01T04:24:16.425+0000] {logging_mixin.py:190} INFO -  Previous state of the Task instance: queued
[2025-10-01T04:24:16.426+0000] {logging_mixin.py:190} INFO - Current task name:extract_from_api state:running start_date:2025-10-01 04:24:16.043192+00:00
[2025-10-01T04:24:16.427+0000] {logging_mixin.py:190} INFO - Dag name:movie_data_pipeline and current dag run status:running
[2025-10-01T04:24:16.427+0000] {taskinstance.py:731} INFO - ::endgroup::
[2025-10-01T04:24:16.533+0000] {logging_mixin.py:190} INFO - ⚠️ API failed with status 404, saving empty list.
[2025-10-01T04:24:16.534+0000] {logging_mixin.py:190} INFO - ✅ Movies data saved to /tmp/movies.json
[2025-10-01T04:24:16.535+0000] {python.py:240} INFO - Done. Returned value was: None
[2025-10-01T04:24:16.548+0000] {taskinstance.py:340} INFO - ::group::Post task execution logs
[2025-10-01T04:24:16.548+0000] {taskinstance.py:352} INFO - Marking task as SUCCESS. dag_id=movie_data_pipeline, task_id=extract_from_api, run_id=manual__2025-10-01T04:24:12.952139+00:00, execution_date=20251001T042412, start_date=20251001T042416, end_date=20251001T042416
[2025-10-01T04:24:16.561+0000] {logging_mixin.py:190} INFO - Task instance in success state
[2025-10-01T04:24:16.562+0000] {logging_mixin.py:190} INFO -  Previous state of the Task instance: running
[2025-10-01T04:24:16.563+0000] {logging_mixin.py:190} INFO - Dag name:movie_data_pipeline queued_at:2025-10-01 04:24:12.977345+00:00
[2025-10-01T04:24:16.563+0000] {logging_mixin.py:190} INFO - Task hostname:1b7dadb2e4f9 operator:PythonOperator
[2025-10-01T04:24:16.613+0000] {local_task_job_runner.py:266} INFO - Task exited with return code 0
[2025-10-01T04:24:16.642+0000] {taskinstance.py:3900} INFO - 1 downstream tasks scheduled from follow-on schedule check
[2025-10-01T04:24:16.646+0000] {local_task_job_runner.py:245} INFO - ::endgroup::
