[2025-10-01T04:38:07.628+0000] {local_task_job_runner.py:123} INFO - ::group::Pre task execution logs
[2025-10-01T04:38:07.643+0000] {taskinstance.py:2612} INFO - Dependencies all met for dep_context=non-requeueable deps ti=<TaskInstance: movie_data_pipeline.upload_to_minio manual__2025-10-01T04:38:01.547774+00:00 [queued]>
[2025-10-01T04:38:07.651+0000] {taskinstance.py:2612} INFO - Dependencies all met for dep_context=requeueable deps ti=<TaskInstance: movie_data_pipeline.upload_to_minio manual__2025-10-01T04:38:01.547774+00:00 [queued]>
[2025-10-01T04:38:07.652+0000] {taskinstance.py:2865} INFO - Starting attempt 1 of 2
[2025-10-01T04:38:07.663+0000] {taskinstance.py:2888} INFO - Executing <Task(PythonOperator): upload_to_minio> on 2025-10-01 04:38:01.547774+00:00
[2025-10-01T04:38:07.671+0000] {warnings.py:112} WARNING - /home/***/.local/lib/python3.12/site-packages/***/task/task_runner/standard_task_runner.py:70: DeprecationWarning: This process (pid=130) is multi-threaded, use of fork() may lead to deadlocks in the child.
  pid = os.fork()

[2025-10-01T04:38:07.673+0000] {standard_task_runner.py:72} INFO - Started process 132 to run task
[2025-10-01T04:38:07.673+0000] {standard_task_runner.py:104} INFO - Running: ['***', 'tasks', 'run', 'movie_data_pipeline', 'upload_to_minio', 'manual__2025-10-01T04:38:01.547774+00:00', '--job-id', '4', '--raw', '--subdir', 'DAGS_FOLDER/movie_pipeline.py', '--cfg-path', '/tmp/tmplz_bz329']
[2025-10-01T04:38:07.674+0000] {standard_task_runner.py:105} INFO - Job 4: Subtask upload_to_minio
[2025-10-01T04:38:07.730+0000] {task_command.py:467} INFO - Running <TaskInstance: movie_data_pipeline.upload_to_minio manual__2025-10-01T04:38:01.547774+00:00 [running]> on host 14101b19efe6
[2025-10-01T04:38:07.805+0000] {taskinstance.py:3131} INFO - Exporting env vars: AIRFLOW_CTX_DAG_OWNER='***' AIRFLOW_CTX_DAG_ID='movie_data_pipeline' AIRFLOW_CTX_TASK_ID='upload_to_minio' AIRFLOW_CTX_EXECUTION_DATE='2025-10-01T04:38:01.547774+00:00' AIRFLOW_CTX_TRY_NUMBER='1' AIRFLOW_CTX_DAG_RUN_ID='manual__2025-10-01T04:38:01.547774+00:00'
[2025-10-01T04:38:07.807+0000] {logging_mixin.py:190} INFO - Task instance is in running state
[2025-10-01T04:38:07.808+0000] {logging_mixin.py:190} INFO -  Previous state of the Task instance: queued
[2025-10-01T04:38:07.808+0000] {logging_mixin.py:190} INFO - Current task name:upload_to_minio state:running start_date:2025-10-01 04:38:07.644803+00:00
[2025-10-01T04:38:07.809+0000] {logging_mixin.py:190} INFO - Dag name:movie_data_pipeline and current dag run status:running
[2025-10-01T04:38:07.809+0000] {taskinstance.py:731} INFO - ::endgroup::
[2025-10-01T04:38:07.956+0000] {logging_mixin.py:190} INFO - ✅ Uploaded movies.json to MinIO
[2025-10-01T04:38:07.957+0000] {python.py:240} INFO - Done. Returned value was: None
[2025-10-01T04:38:07.967+0000] {taskinstance.py:340} INFO - ::group::Post task execution logs
[2025-10-01T04:38:07.968+0000] {taskinstance.py:352} INFO - Marking task as SUCCESS. dag_id=movie_data_pipeline, task_id=upload_to_minio, run_id=manual__2025-10-01T04:38:01.547774+00:00, execution_date=20251001T043801, start_date=20251001T043807, end_date=20251001T043807
[2025-10-01T04:38:07.976+0000] {logging_mixin.py:190} INFO - Task instance in success state
[2025-10-01T04:38:07.978+0000] {logging_mixin.py:190} INFO -  Previous state of the Task instance: running
[2025-10-01T04:38:07.978+0000] {logging_mixin.py:190} INFO - Dag name:movie_data_pipeline queued_at:2025-10-01 04:38:01.572765+00:00
[2025-10-01T04:38:07.978+0000] {logging_mixin.py:190} INFO - Task hostname:14101b19efe6 operator:PythonOperator
[2025-10-01T04:38:08.008+0000] {local_task_job_runner.py:266} INFO - Task exited with return code 0
[2025-10-01T04:38:08.025+0000] {taskinstance.py:3900} INFO - 0 downstream tasks scheduled from follow-on schedule check
[2025-10-01T04:38:08.027+0000] {local_task_job_runner.py:245} INFO - ::endgroup::
