[2025-10-01T04:38:05.725+0000] {local_task_job_runner.py:123} INFO - ::group::Pre task execution logs
[2025-10-01T04:38:05.740+0000] {taskinstance.py:2612} INFO - Dependencies all met for dep_context=non-requeueable deps ti=<TaskInstance: movie_data_pipeline.extract_from_api manual__2025-10-01T04:38:01.547774+00:00 [queued]>
[2025-10-01T04:38:05.746+0000] {taskinstance.py:2612} INFO - Dependencies all met for dep_context=requeueable deps ti=<TaskInstance: movie_data_pipeline.extract_from_api manual__2025-10-01T04:38:01.547774+00:00 [queued]>
[2025-10-01T04:38:05.747+0000] {taskinstance.py:2865} INFO - Starting attempt 1 of 2
[2025-10-01T04:38:05.761+0000] {taskinstance.py:2888} INFO - Executing <Task(PythonOperator): extract_from_api> on 2025-10-01 04:38:01.547774+00:00
[2025-10-01T04:38:05.767+0000] {warnings.py:112} WARNING - /home/***/.local/lib/python3.12/site-packages/***/task/task_runner/standard_task_runner.py:70: DeprecationWarning: This process (pid=126) is multi-threaded, use of fork() may lead to deadlocks in the child.
  pid = os.fork()

[2025-10-01T04:38:05.769+0000] {standard_task_runner.py:72} INFO - Started process 128 to run task
[2025-10-01T04:38:05.769+0000] {standard_task_runner.py:104} INFO - Running: ['***', 'tasks', 'run', 'movie_data_pipeline', 'extract_from_api', 'manual__2025-10-01T04:38:01.547774+00:00', '--job-id', '3', '--raw', '--subdir', 'DAGS_FOLDER/movie_pipeline.py', '--cfg-path', '/tmp/tmpu1ttfhqd']
[2025-10-01T04:38:05.771+0000] {standard_task_runner.py:105} INFO - Job 3: Subtask extract_from_api
[2025-10-01T04:38:05.826+0000] {task_command.py:467} INFO - Running <TaskInstance: movie_data_pipeline.extract_from_api manual__2025-10-01T04:38:01.547774+00:00 [running]> on host 14101b19efe6
[2025-10-01T04:38:05.895+0000] {taskinstance.py:3131} INFO - Exporting env vars: AIRFLOW_CTX_DAG_OWNER='***' AIRFLOW_CTX_DAG_ID='movie_data_pipeline' AIRFLOW_CTX_TASK_ID='extract_from_api' AIRFLOW_CTX_EXECUTION_DATE='2025-10-01T04:38:01.547774+00:00' AIRFLOW_CTX_TRY_NUMBER='1' AIRFLOW_CTX_DAG_RUN_ID='manual__2025-10-01T04:38:01.547774+00:00'
[2025-10-01T04:38:05.896+0000] {logging_mixin.py:190} INFO - Task instance is in running state
[2025-10-01T04:38:05.897+0000] {logging_mixin.py:190} INFO -  Previous state of the Task instance: queued
[2025-10-01T04:38:05.897+0000] {logging_mixin.py:190} INFO - Current task name:extract_from_api state:running start_date:2025-10-01 04:38:05.741229+00:00
[2025-10-01T04:38:05.898+0000] {logging_mixin.py:190} INFO - Dag name:movie_data_pipeline and current dag run status:running
[2025-10-01T04:38:05.898+0000] {taskinstance.py:731} INFO - ::endgroup::
[2025-10-01T04:38:06.039+0000] {logging_mixin.py:190} INFO - ✅ Movies saved to /tmp/movies.json
[2025-10-01T04:38:06.040+0000] {python.py:240} INFO - Done. Returned value was: None
[2025-10-01T04:38:06.050+0000] {taskinstance.py:340} INFO - ::group::Post task execution logs
[2025-10-01T04:38:06.051+0000] {taskinstance.py:352} INFO - Marking task as SUCCESS. dag_id=movie_data_pipeline, task_id=extract_from_api, run_id=manual__2025-10-01T04:38:01.547774+00:00, execution_date=20251001T043801, start_date=20251001T043805, end_date=20251001T043806
[2025-10-01T04:38:06.060+0000] {logging_mixin.py:190} INFO - Task instance in success state
[2025-10-01T04:38:06.061+0000] {logging_mixin.py:190} INFO -  Previous state of the Task instance: running
[2025-10-01T04:38:06.061+0000] {logging_mixin.py:190} INFO - Dag name:movie_data_pipeline queued_at:2025-10-01 04:38:01.572765+00:00
[2025-10-01T04:38:06.062+0000] {logging_mixin.py:190} INFO - Task hostname:14101b19efe6 operator:PythonOperator
[2025-10-01T04:38:06.106+0000] {local_task_job_runner.py:266} INFO - Task exited with return code 0
[2025-10-01T04:38:06.128+0000] {taskinstance.py:3900} INFO - 1 downstream tasks scheduled from follow-on schedule check
[2025-10-01T04:38:06.131+0000] {local_task_job_runner.py:245} INFO - ::endgroup::
