[2025-10-01T04:12:40.712+0000] {local_task_job_runner.py:123} INFO - ::group::Pre task execution logs
[2025-10-01T04:12:40.729+0000] {taskinstance.py:2612} INFO - Dependencies all met for dep_context=non-requeueable deps ti=<TaskInstance: movie_data_pipeline.upload_to_minio manual__2025-10-01T04:12:31.544581+00:00 [queued]>
[2025-10-01T04:12:40.739+0000] {taskinstance.py:2612} INFO - Dependencies all met for dep_context=requeueable deps ti=<TaskInstance: movie_data_pipeline.upload_to_minio manual__2025-10-01T04:12:31.544581+00:00 [queued]>
[2025-10-01T04:12:40.739+0000] {taskinstance.py:2865} INFO - Starting attempt 1 of 2
[2025-10-01T04:12:40.756+0000] {taskinstance.py:2888} INFO - Executing <Task(PythonOperator): upload_to_minio> on 2025-10-01 04:12:31.544581+00:00
[2025-10-01T04:12:40.764+0000] {warnings.py:112} WARNING - /home/***/.local/lib/python3.12/site-packages/***/task/task_runner/standard_task_runner.py:70: DeprecationWarning: This process (pid=68) is multi-threaded, use of fork() may lead to deadlocks in the child.
  pid = os.fork()

[2025-10-01T04:12:40.766+0000] {standard_task_runner.py:72} INFO - Started process 70 to run task
[2025-10-01T04:12:40.767+0000] {standard_task_runner.py:104} INFO - Running: ['***', 'tasks', 'run', 'movie_data_pipeline', 'upload_to_minio', 'manual__2025-10-01T04:12:31.544581+00:00', '--job-id', '21', '--raw', '--subdir', 'DAGS_FOLDER/movie_pipeline.py', '--cfg-path', '/tmp/tmp645653mu']
[2025-10-01T04:12:40.769+0000] {standard_task_runner.py:105} INFO - Job 21: Subtask upload_to_minio
[2025-10-01T04:12:40.837+0000] {task_command.py:467} INFO - Running <TaskInstance: movie_data_pipeline.upload_to_minio manual__2025-10-01T04:12:31.544581+00:00 [running]> on host 1b7dadb2e4f9
[2025-10-01T04:12:40.920+0000] {taskinstance.py:3131} INFO - Exporting env vars: AIRFLOW_CTX_DAG_OWNER='***' AIRFLOW_CTX_DAG_ID='movie_data_pipeline' AIRFLOW_CTX_TASK_ID='upload_to_minio' AIRFLOW_CTX_EXECUTION_DATE='2025-10-01T04:12:31.544581+00:00' AIRFLOW_CTX_TRY_NUMBER='1' AIRFLOW_CTX_DAG_RUN_ID='manual__2025-10-01T04:12:31.544581+00:00'
[2025-10-01T04:12:40.923+0000] {logging_mixin.py:190} INFO - Task instance is in running state
[2025-10-01T04:12:40.923+0000] {logging_mixin.py:190} INFO -  Previous state of the Task instance: queued
[2025-10-01T04:12:40.924+0000] {logging_mixin.py:190} INFO - Current task name:upload_to_minio state:running start_date:2025-10-01 04:12:40.730574+00:00
[2025-10-01T04:12:40.925+0000] {logging_mixin.py:190} INFO - Dag name:movie_data_pipeline and current dag run status:running
[2025-10-01T04:12:40.925+0000] {taskinstance.py:731} INFO - ::endgroup::
[2025-10-01T04:12:41.068+0000] {logging_mixin.py:190} INFO - Bucket movie-bucket already exists ✅
[2025-10-01T04:12:41.097+0000] {logging_mixin.py:190} INFO - ✅ Uploaded to MinIO successfully!
[2025-10-01T04:12:41.098+0000] {python.py:240} INFO - Done. Returned value was: None
[2025-10-01T04:12:41.108+0000] {taskinstance.py:340} INFO - ::group::Post task execution logs
[2025-10-01T04:12:41.109+0000] {taskinstance.py:352} INFO - Marking task as SUCCESS. dag_id=movie_data_pipeline, task_id=upload_to_minio, run_id=manual__2025-10-01T04:12:31.544581+00:00, execution_date=20251001T041231, start_date=20251001T041240, end_date=20251001T041241
[2025-10-01T04:12:41.117+0000] {logging_mixin.py:190} INFO - Task instance in success state
[2025-10-01T04:12:41.117+0000] {logging_mixin.py:190} INFO -  Previous state of the Task instance: running
[2025-10-01T04:12:41.118+0000] {logging_mixin.py:190} INFO - Dag name:movie_data_pipeline queued_at:2025-10-01 04:12:31.592811+00:00
[2025-10-01T04:12:41.118+0000] {logging_mixin.py:190} INFO - Task hostname:1b7dadb2e4f9 operator:PythonOperator
[2025-10-01T04:12:41.144+0000] {local_task_job_runner.py:266} INFO - Task exited with return code 0
[2025-10-01T04:12:41.163+0000] {taskinstance.py:3900} INFO - 1 downstream tasks scheduled from follow-on schedule check
[2025-10-01T04:12:41.166+0000] {local_task_job_runner.py:245} INFO - ::endgroup::
