[2025-10-01T04:17:33.067+0000] {local_task_job_runner.py:123} INFO - ::group::Pre task execution logs
[2025-10-01T04:17:33.087+0000] {taskinstance.py:2612} INFO - Dependencies all met for dep_context=non-requeueable deps ti=<TaskInstance: movie_data_pipeline.load_to_postgres manual__2025-10-01T04:12:31.544581+00:00 [queued]>
[2025-10-01T04:17:33.096+0000] {taskinstance.py:2612} INFO - Dependencies all met for dep_context=requeueable deps ti=<TaskInstance: movie_data_pipeline.load_to_postgres manual__2025-10-01T04:12:31.544581+00:00 [queued]>
[2025-10-01T04:17:33.098+0000] {taskinstance.py:2865} INFO - Starting attempt 2 of 2
[2025-10-01T04:17:33.115+0000] {taskinstance.py:2888} INFO - Executing <Task(PythonOperator): load_to_postgres> on 2025-10-01 04:12:31.544581+00:00
[2025-10-01T04:17:33.124+0000] {warnings.py:112} WARNING - /home/***/.local/lib/python3.12/site-packages/***/task/task_runner/standard_task_runner.py:70: DeprecationWarning: This process (pid=141) is multi-threaded, use of fork() may lead to deadlocks in the child.
  pid = os.fork()

[2025-10-01T04:17:33.126+0000] {standard_task_runner.py:72} INFO - Started process 143 to run task
[2025-10-01T04:17:33.126+0000] {standard_task_runner.py:104} INFO - Running: ['***', 'tasks', 'run', 'movie_data_pipeline', 'load_to_postgres', 'manual__2025-10-01T04:12:31.544581+00:00', '--job-id', '23', '--raw', '--subdir', 'DAGS_FOLDER/movie_pipeline.py', '--cfg-path', '/tmp/tmpgnx6zuxs']
[2025-10-01T04:17:33.128+0000] {standard_task_runner.py:105} INFO - Job 23: Subtask load_to_postgres
[2025-10-01T04:17:33.205+0000] {task_command.py:467} INFO - Running <TaskInstance: movie_data_pipeline.load_to_postgres manual__2025-10-01T04:12:31.544581+00:00 [running]> on host 1b7dadb2e4f9
[2025-10-01T04:17:33.300+0000] {taskinstance.py:3131} INFO - Exporting env vars: AIRFLOW_CTX_DAG_OWNER='***' AIRFLOW_CTX_DAG_ID='movie_data_pipeline' AIRFLOW_CTX_TASK_ID='load_to_postgres' AIRFLOW_CTX_EXECUTION_DATE='2025-10-01T04:12:31.544581+00:00' AIRFLOW_CTX_TRY_NUMBER='2' AIRFLOW_CTX_DAG_RUN_ID='manual__2025-10-01T04:12:31.544581+00:00'
[2025-10-01T04:17:33.302+0000] {logging_mixin.py:190} INFO - Task instance is in running state
[2025-10-01T04:17:33.303+0000] {logging_mixin.py:190} INFO -  Previous state of the Task instance: queued
[2025-10-01T04:17:33.304+0000] {logging_mixin.py:190} INFO - Current task name:load_to_postgres state:running start_date:2025-10-01 04:17:33.088827+00:00
[2025-10-01T04:17:33.305+0000] {logging_mixin.py:190} INFO - Dag name:movie_data_pipeline and current dag run status:running
[2025-10-01T04:17:33.305+0000] {taskinstance.py:731} INFO - ::endgroup::
[2025-10-01T04:17:33.337+0000] {logging_mixin.py:190} INFO - ✅ Data loaded into Postgres
[2025-10-01T04:17:33.337+0000] {python.py:240} INFO - Done. Returned value was: None
[2025-10-01T04:17:33.349+0000] {taskinstance.py:340} INFO - ::group::Post task execution logs
[2025-10-01T04:17:33.351+0000] {taskinstance.py:352} INFO - Marking task as SUCCESS. dag_id=movie_data_pipeline, task_id=load_to_postgres, run_id=manual__2025-10-01T04:12:31.544581+00:00, execution_date=20251001T041231, start_date=20251001T041733, end_date=20251001T041733
[2025-10-01T04:17:33.363+0000] {logging_mixin.py:190} INFO - Task instance in success state
[2025-10-01T04:17:33.365+0000] {logging_mixin.py:190} INFO -  Previous state of the Task instance: running
[2025-10-01T04:17:33.366+0000] {logging_mixin.py:190} INFO - Dag name:movie_data_pipeline queued_at:2025-10-01 04:12:31.592811+00:00
[2025-10-01T04:17:33.367+0000] {logging_mixin.py:190} INFO - Task hostname:1b7dadb2e4f9 operator:PythonOperator
[2025-10-01T04:17:33.384+0000] {local_task_job_runner.py:266} INFO - Task exited with return code 0
[2025-10-01T04:17:33.406+0000] {taskinstance.py:3900} INFO - 0 downstream tasks scheduled from follow-on schedule check
[2025-10-01T04:17:33.409+0000] {local_task_job_runner.py:245} INFO - ::endgroup::
